<?xml version="1.0" encoding="UTF-8"?>
<testng-results ignored="0" total="1" passed="1" failed="0" skipped="0">
  <reporter-output>
  </reporter-output>
  <suite started-at="2022-07-01T16:47:05 CDT" name="Default suite" finished-at="2022-07-01T16:47:07 CDT" duration-ms="1920">
    <groups>
    </groups>
    <test started-at="2022-07-01T16:47:05 CDT" name="Default test" finished-at="2022-07-01T16:47:07 CDT" duration-ms="1920">
      <class name="test01_GET">
        <test-method signature="test01_GET()[pri:0, instance:test01_GET@50b472aa]" started-at="2022-07-01T16:47:05 CDT" name="test01_GET" finished-at="2022-07-01T16:47:07 CDT" duration-ms="1878" status="PASS">
          <reporter-output>
          </reporter-output>
        </test-method> <!-- test01_GET -->
      </class> <!-- test01_GET -->
    </test> <!-- Default test -->
  </suite> <!-- Default suite -->
</testng-results>
